# JRE version: OpenJDK Runtime Environment (8.0_202) (build 1.8.0_202-release-1483-b49-5587405)
# Java VM: OpenJDK 64-Bit Server VM (25.202-b49-5587405 mixed mode bsd-amd64 compressed oops)
Heap:
 PSYoungGen      total 438272K, used 105118K [0x00000007a0000000, 0x00000007c0000000, 0x00000007c0000000)
  eden space 361984K, 12% used [0x00000007a0000000,0x00000007a2dd22e8,0x00000007b6180000)
  from space 76288K, 76% used [0x00000007b6180000,0x00000007b9a55860,0x00000007bac00000)
  to   space 81920K, 0% used [0x00000007bb000000,0x00000007bb000000,0x00000007c0000000)
 ParOldGen       total 284672K, used 204330K [0x0000000760000000, 0x0000000771600000, 0x00000007a0000000)
  object space 284672K, 71% used [0x0000000760000000,0x000000076c78a858,0x0000000771600000)
 Metaspace       used 122943K, capacity 130786K, committed 131096K, reserved 1163264K
  class space    used 15517K, capacity 17104K, committed 17192K, reserved 1048576K
GC Heap History (10 events):
Event: 584.417 GC heap before
{Heap before GC invocations=55 (full 6):
 PSYoungGen      total 436224K, used 374228K [0x00000007a0000000, 0x00000007bfd00000, 0x00000007c0000000)
  eden space 354304K, 100% used [0x00000007a0000000,0x00000007b5a00000,0x00000007b5a00000)
  from space 81920K, 24% used [0x00000007bad00000,0x00000007bc075360,0x00000007bfd00000)
  to   space 83456K, 0% used [0x00000007b5a00000,0x00000007b5a00000,0x00000007bab80000)
 ParOldGen       total 284672K, used 166704K [0x0000000760000000, 0x0000000771600000, 0x00000007a0000000)
  object space 284672K, 58% used [0x0000000760000000,0x000000076a2cc3e8,0x0000000771600000)
 Metaspace       used 122870K, capacity 130696K, committed 130840K, reserved 1163264K
  class space    used 15513K, capacity 17099K, committed 17192K, reserved 1048576K
Event: 584.453 GC heap after
Heap after GC invocations=55 (full 6):
 PSYoungGen      total 437760K, used 18478K [0x00000007a0000000, 0x00000007bfe80000, 0x00000007c0000000)
  eden space 354304K, 0% used [0x00000007a0000000,0x00000007a0000000,0x00000007b5a00000)
  from space 83456K, 22% used [0x00000007b5a00000,0x00000007b6c0ba98,0x00000007bab80000)
  to   space 81920K, 0% used [0x00000007bae80000,0x00000007bae80000,0x00000007bfe80000)
 ParOldGen       total 284672K, used 176831K [0x0000000760000000, 0x0000000771600000, 0x00000007a0000000)
  object space 284672K, 62% used [0x0000000760000000,0x000000076acaff50,0x0000000771600000)
 Metaspace       used 122870K, capacity 130696K, committed 130840K, reserved 1163264K
  class space    used 15513K, capacity 17099K, committed 17192K, reserved 1048576K
}
Event: 585.067 GC heap before
{Heap before GC invocations=56 (full 6):
 PSYoungGen      total 437760K, used 372782K [0x00000007a0000000, 0x00000007bfe80000, 0x00000007c0000000)
  eden space 354304K, 100% used [0x00000007a0000000,0x00000007b5a00000,0x00000007b5a00000)
  from space 83456K, 22% used [0x00000007b5a00000,0x00000007b6c0ba98,0x00000007bab80000)
  to   space 81920K, 0% used [0x00000007bae80000,0x00000007bae80000,0x00000007bfe80000)
 ParOldGen       total 284672K, used 176831K [0x0000000760000000, 0x0000000771600000, 0x00000007a0000000)
  object space 284672K, 62% used [0x0000000760000000,0x000000076acaff50,0x0000000771600000)
 Metaspace       used 122881K, capacity 130696K, committed 130840K, reserved 1163264K
  class space    used 15513K, capacity 17099K, committed 17192K, reserved 1048576K
Event: 585.102 GC heap after
Heap after GC invocations=56 (full 6):
 PSYoungGen      total 439808K, used 8619K [0x00000007a0000000, 0x00000007bfd80000, 0x00000007c0000000)
  eden space 358912K, 0% used [0x00000007a0000000,0x00000007a0000000,0x00000007b5e80000)
  from space 80896K, 10% used [0x00000007bae80000,0x00000007bb6eac00,0x00000007bfd80000)
  to   space 81408K, 0% used [0x00000007b5e80000,0x00000007b5e80000,0x00000007bae00000)
 ParOldGen       total 284672K, used 189771K [0x0000000760000000, 0x0000000771600000, 0x00000007a0000000)
  object space 284672K, 66% used [0x0000000760000000,0x000000076b952da8,0x0000000771600000)
 Metaspace       used 122881K, capacity 130696K, committed 130840K, reserved 1163264K
  class space    used 15513K, capacity 17099K, committed 17192K, reserved 1048576K
}
Event: 586.072 GC heap before
{Heap before GC invocations=57 (full 6):
 PSYoungGen      total 439808K, used 367531K [0x00000007a0000000, 0x00000007bfd80000, 0x00000007c0000000)
  eden space 358912K, 100% used [0x00000007a0000000,0x00000007b5e80000,0x00000007b5e80000)
  from space 80896K, 10% used [0x00000007bae80000,0x00000007bb6eac00,0x00000007bfd80000)
  to   space 81408K, 0% used [0x00000007b5e80000,0x00000007b5e80000,0x00000007bae00000)
 ParOldGen       total 284672K, used 189771K [0x0000000760000000, 0x0000000771600000, 0x00000007a0000000)
  object space 284672K, 66% used [0x0000000760000000,0x000000076b952da8,0x0000000771600000)
 Metaspace       used 122917K, capacity 130786K, committed 131096K, reserved 1163264K
  class space    used 15517K, capacity 17104K, committed 17192K, reserved 1048576K
Event: 586.103 GC heap after
Heap after GC invocations=57 (full 6):
 PSYoungGen      total 440320K, used 7249K [0x00000007a0000000, 0x00000007bff80000, 0x00000007c0000000)
  eden space 358912K, 0% used [0x00000007a0000000,0x00000007a0000000,0x00000007b5e80000)
  from space 81408K, 8% used [0x00000007b5e80000,0x00000007b6594698,0x00000007bae00000)
  to   space 80896K, 0% used [0x00000007bb080000,0x00000007bb080000,0x00000007bff80000)
 ParOldGen       total 284672K, used 194482K [0x0000000760000000, 0x0000000771600000, 0x00000007a0000000)
  object space 284672K, 68% used [0x0000000760000000,0x000000076bdecbf8,0x0000000771600000)
 Metaspace       used 122917K, capacity 130786K, committed 131096K, reserved 1163264K
  class space    used 15517K, capacity 17104K, committed 17192K, reserved 1048576K
}
Event: 587.411 GC heap before
{Heap before GC invocations=58 (full 6):
 PSYoungGen      total 440320K, used 366161K [0x00000007a0000000, 0x00000007bff80000, 0x00000007c0000000)
  eden space 358912K, 100% used [0x00000007a0000000,0x00000007b5e80000,0x00000007b5e80000)
  from space 81408K, 8% used [0x00000007b5e80000,0x00000007b6594698,0x00000007bae00000)
  to   space 80896K, 0% used [0x00000007bb080000,0x00000007bb080000,0x00000007bff80000)
 ParOldGen       total 284672K, used 194482K [0x0000000760000000, 0x0000000771600000, 0x00000007a0000000)
  object space 284672K, 68% used [0x0000000760000000,0x000000076bdecbf8,0x0000000771600000)
 Metaspace       used 122921K, capacity 130786K, committed 131096K, reserved 1163264K
  class space    used 15517K, capacity 17104K, committed 17192K, reserved 1048576K
Event: 587.437 GC heap after
Heap after GC invocations=58 (full 6):
 PSYoungGen      total 433664K, used 30634K [0x00000007a0000000, 0x00000007bf680000, 0x00000007c0000000)
  eden space 361984K, 0% used [0x00000007a0000000,0x00000007a0000000,0x00000007b6180000)
  from space 71680K, 42% used [0x00000007bb080000,0x00000007bce6abc8,0x00000007bf680000)
  to   space 76288K, 0% used [0x00000007b6180000,0x00000007b6180000,0x00000007bac00000)
 ParOldGen       total 284672K, used 198839K [0x0000000760000000, 0x0000000771600000, 0x00000007a0000000)
  object space 284672K, 69% used [0x0000000760000000,0x000000076c22dd68,0x0000000771600000)
 Metaspace       used 122921K, capacity 130786K, committed 131096K, reserved 1163264K
  class space    used 15517K, capacity 17104K, committed 17192K, reserved 1048576K
}
Event: 589.241 GC heap before
{Heap before GC invocations=59 (full 6):
 PSYoungGen      total 433664K, used 392618K [0x00000007a0000000, 0x00000007bf680000, 0x00000007c0000000)
  eden space 361984K, 100% used [0x00000007a0000000,0x00000007b6180000,0x00000007b6180000)
  from space 71680K, 42% used [0x00000007bb080000,0x00000007bce6abc8,0x00000007bf680000)
  to   space 76288K, 0% used [0x00000007b6180000,0x00000007b6180000,0x00000007bac00000)
 ParOldGen       total 284672K, used 198839K [0x0000000760000000, 0x0000000771600000, 0x00000007a0000000)
  object space 284672K, 69% used [0x0000000760000000,0x000000076c22dd68,0x0000000771600000)
 Metaspace       used 122937K, capacity 130786K, committed 131096K, reserved 1163264K
  class space    used 15517K, capacity 17104K, committed 17192K, reserved 1048576K
Event: 589.320 GC heap after
Heap after GC invocations=59 (full 6):
 PSYoungGen      total 438272K, used 58198K [0x00000007a0000000, 0x00000007c0000000, 0x00000007c0000000)
  eden space 361984K, 0% used [0x00000007a0000000,0x00000007a0000000,0x00000007b6180000)
  from space 76288K, 76% used [0x00000007b6180000,0x00000007b9a55860,0x00000007bac00000)
  to   space 81920K, 0% used [0x00000007bb000000,0x00000007bb000000,0x00000007c0000000)
 ParOldGen       total 284672K, used 204330K [0x0000000760000000, 0x0000000771600000, 0x00000007a0000000)
  object space 284672K, 71% used [0x0000000760000000,0x000000076c78a858,0x0000000771600000)
 Metaspace       used 122937K, capacity 130786K, committed 131096K, reserved 1163264K
  class space    used 15517K, capacity 17104K, committed 17192K, reserved 1048576K
}

